<?xml version="1.0" encoding="UTF-8"?>
<!-- Generated by org.testng.reporters.JUnitReportReporter -->
<testsuite skipped="0" hostname="Amar-PC" name="com.testcases.Logintest" tests="1" failures="0" timestamp="23 Jun 2020 06:45:10 GMT" time="18.450" errors="0">
  <testcase name="loginapp" time="18.450" classname="com.testcases.Logintest"/>
</testsuite> <!-- com.testcases.Logintest -->
